<?xml version="1.0" encoding="UTF-8"?>
<!-- Generated by org.testng.reporters.JUnitXMLReporter -->
<testsuite hostname="186590d07ca1.ant.amazon.com" name="TEST" tests="3" failures="1" timestamp="4 Apr 2018 09:52:17 GMT" time="0.067" errors="0">
  <testcase name="testSalutationMessage" time="0.009" classname="testng.basics.Test2"/>
  <testcase name="testPrintMessage1" time="0.009" classname="testng.basics.Test1"/>
  <testcase name="testPrintMessage2" time="0.002" classname="testng.basics.Test1">
    <failure type="java.lang.AssertionError" message=" expected [Manish] but found [Manish1]">
      <![CDATA[java.lang.AssertionError:  expected [Manish] but found [Manish1]
	at testng.basics.Test1.testPrintMessage2(Test1.java:30)
	at java.util.concurrent.ThreadPoolExecutor.runWorker(ThreadPoolExecutor.java:1149)
	at java.util.concurrent.ThreadPoolExecutor$Worker.run(ThreadPoolExecutor.java:624)
	at java.lang.Thread.run(Thread.java:748)
... Removed 14 stack frames]]>
    </failure>
  </testcase> <!-- testPrintMessage2 -->
</testsuite> <!-- TEST -->
