<?xml version="1.0" encoding="UTF-8"?>
<testng-results skipped="0" failed="0" total="1" passed="1">
  <reporter-output>
  </reporter-output>
  <suite name="Default suite" duration-ms="294" started-at="2018-06-19T06:46:17Z" finished-at="2018-06-19T06:46:18Z">
    <groups>
    </groups>
    <test name="Default test" duration-ms="294" started-at="2018-06-19T06:46:17Z" finished-at="2018-06-19T06:46:18Z">
      <class name="testng.basics.mockingTest">
        <test-method status="PASS" signature="injectDoubles()[pri:0, instance:testng.basics.mockingTest@6d8a00e3]" name="injectDoubles" is-config="true" duration-ms="241" started-at="2018-06-19T12:16:17Z" finished-at="2018-06-19T12:16:18Z">
          <reporter-output>
          </reporter-output>
        </test-method> <!-- injectDoubles -->
        <test-method status="PASS" signature="splitsAddressesByComma()[pri:0, instance:testng.basics.mockingTest@6d8a00e3]" name="splitsAddressesByComma" duration-ms="29" started-at="2018-06-19T12:16:18Z" finished-at="2018-06-19T12:16:18Z">
          <reporter-output>
          </reporter-output>
        </test-method> <!-- splitsAddressesByComma -->
      </class> <!-- testng.basics.mockingTest -->
    </test> <!-- Default test -->
  </suite> <!-- Default suite -->
</testng-results>
