<?xml version="1.0" encoding="UTF-8"?>
<!-- Generated by org.testng.reporters.JUnitXMLReporter -->
<testsuite hostname="186590d07ca1.ant.amazon.com" name="My Test" tests="2" failures="1" timestamp="4 Feb 2018 10:14:19 GMT" time="0.031" errors="0">
  <testcase name="testPrintMessage" time="0.012" classname="testng.basics.Test1"/>
  <testcase name="testPrintMessage1" time="0.001" classname="testng.basics.Test1">
    <failure type="java.lang.AssertionError" message=" expected [Manish] but found [Manish1]">
      <![CDATA[java.lang.AssertionError:  expected [Manish] but found [Manish1]
	at testng.basics.Test1.testPrintMessage1(Test1.java:27)
	at testng.basics.testNGRunner.runMySuit(testNGRunner.java:46)
	at testng.basics.testNGRunner.main(testNGRunner.java:51)
... Removed 25 stack frames]]>
    </failure>
  </testcase> <!-- testPrintMessage1 -->
</testsuite> <!-- My Test -->
